Change Component Footprint: Designator=R1 Old Footprint=AXIAL-0.3 New Footprint=6-0805_L
Change Component Footprint: Designator=R2 Old Footprint=AXIAL-0.3 New Footprint=6-0805_L
Change Component Footprint: Designator=R3 Old Footprint=AXIAL-0.3 New Footprint=6-0805_L
Change Component Footprint: Designator=R4 Old Footprint=AXIAL-0.3 New Footprint=6-0805_L
Change Component Footprint: Designator=R5 Old Footprint=AXIAL-0.3 New Footprint=6-0805_L
Change Component Footprint: Designator=R6 Old Footprint=AXIAL-0.3 New Footprint=6-0805_L
Change Component Footprint: Designator=R7 Old Footprint=AXIAL-0.3 New Footprint=6-0805_L
Change Component Footprint: Designator=R8 Old Footprint=AXIAL-0.3 New Footprint=6-0805_L
Change Component Footprint: Designator=R9 Old Footprint=AXIAL-0.3 New Footprint=6-0805_L
Change Component Footprint: Designator=R10 Old Footprint=AXIAL-0.3 New Footprint=6-0805_L
Change Component Footprint: Designator=R11 Old Footprint=AXIAL-0.3 New Footprint=6-0805_L
Change Component Footprint: Designator=R12 Old Footprint=AXIAL-0.3 New Footprint=6-0805_L
Change Component Footprint: Designator=R13 Old Footprint=AXIAL-0.3 New Footprint=6-0805_L
Change Component Footprint: Designator=R14 Old Footprint=AXIAL-0.3 New Footprint=6-0805_L
Change Component Footprint: Designator=R15 Old Footprint=AXIAL-0.3 New Footprint=6-0805_L
Change Component Footprint: Designator=R16 Old Footprint=AXIAL-0.3 New Footprint=6-0805_L
Change Component Footprint: Designator=R17 Old Footprint=AXIAL-0.3 New Footprint=6-0805_L
Change Component Footprint: Designator=R18 Old Footprint=AXIAL-0.3 New Footprint=6-0805_L
Change Component Footprint: Designator=R19 Old Footprint=AXIAL-0.3 New Footprint=6-0805_L
Change Component Footprint: Designator=R20 Old Footprint=AXIAL-0.3 New Footprint=6-0805_L
Change Component Footprint: Designator=R21 Old Footprint=AXIAL-0.3 New Footprint=6-0805_L
Change Component Footprint: Designator=R22 Old Footprint=AXIAL-0.3 New Footprint=6-0805_L
Change Component Footprint: Designator=R23 Old Footprint=AXIAL-0.3 New Footprint=6-0805_L
Change Component Footprint: Designator=R24 Old Footprint=AXIAL-0.3 New Footprint=6-0805_L
Change Component Footprint: Designator=R25 Old Footprint=AXIAL-0.3 New Footprint=6-0805_L
Change Component Footprint: Designator=R26 Old Footprint=AXIAL-0.3 New Footprint=6-0805_L
Change Component Footprint: Designator=R27 Old Footprint=AXIAL-0.3 New Footprint=6-0805_L
Change Component Footprint: Designator=R28 Old Footprint=AXIAL-0.3 New Footprint=6-0805_L
Change Component Footprint: Designator=R29 Old Footprint=AXIAL-0.3 New Footprint=6-0805_L
Change Component Footprint: Designator=R30 Old Footprint=AXIAL-0.3 New Footprint=6-0805_L
Change Component Footprint: Designator=R31 Old Footprint=AXIAL-0.3 New Footprint=6-0805_L
Change Component Footprint: Designator=R32 Old Footprint=AXIAL-0.3 New Footprint=6-0805_L
Change Component Footprint: Designator=R33 Old Footprint=AXIAL-0.3 New Footprint=6-0805_L
Change Component Footprint: Designator=R34 Old Footprint=AXIAL-0.3 New Footprint=6-0805_L
Change Component Footprint: Designator=R35 Old Footprint=AXIAL-0.3 New Footprint=6-0805_L
Change Component Footprint: Designator=R36 Old Footprint=AXIAL-0.3 New Footprint=6-0805_L
Change Component Footprint: Designator=R37 Old Footprint=AXIAL-0.3 New Footprint=6-0805_L
Change Component Footprint: Designator=R38 Old Footprint=AXIAL-0.3 New Footprint=6-0805_L
Change Component Footprint: Designator=R39 Old Footprint=AXIAL-0.3 New Footprint=6-0805_L
Change Component Footprint: Designator=R40 Old Footprint=AXIAL-0.3 New Footprint=6-0805_L
Change Component Footprint: Designator=R41 Old Footprint=AXIAL-0.3 New Footprint=6-0805_L
Change Component Footprint: Designator=R42 Old Footprint=AXIAL-0.3 New Footprint=6-0805_L
Change Component Footprint: Designator=R43 Old Footprint=AXIAL-0.3 New Footprint=6-0805_L
Change Component Footprint: Designator=R44 Old Footprint=AXIAL-0.3 New Footprint=6-0805_L
Change Component Footprint: Designator=R45 Old Footprint=AXIAL-0.3 New Footprint=6-0805_L
Change Component Footprint: Designator=R46 Old Footprint=AXIAL-0.3 New Footprint=6-0805_L
Change Component Footprint: Designator=R47 Old Footprint=AXIAL-0.3 New Footprint=6-0805_L
Change Component Footprint: Designator=R48 Old Footprint=AXIAL-0.3 New Footprint=6-0805_L
Change Component Footprint: Designator=R49 Old Footprint=AXIAL-0.3 New Footprint=6-0805_L
Change Component Footprint: Designator=R50 Old Footprint=AXIAL-0.3 New Footprint=6-0805_L
Change Component Footprint: Designator=R51 Old Footprint=AXIAL-0.3 New Footprint=6-0805_L
Change Component Footprint: Designator=R52 Old Footprint=AXIAL-0.3 New Footprint=6-0805_L
Change Component Footprint: Designator=R53 Old Footprint=AXIAL-0.3 New Footprint=6-0805_L
Change Component Footprint: Designator=R54 Old Footprint=AXIAL-0.3 New Footprint=6-0805_L
Change Component Footprint: Designator=R55 Old Footprint=AXIAL-0.3 New Footprint=6-0805_L
Change Component Footprint: Designator=R56 Old Footprint=AXIAL-0.3 New Footprint=6-0805_L
Change Component Footprint: Designator=R57 Old Footprint=AXIAL-0.3 New Footprint=6-0805_L
Change Component Footprint: Designator=R58 Old Footprint=AXIAL-0.3 New Footprint=6-0805_L
Change Component Footprint: Designator=R59 Old Footprint=AXIAL-0.3 New Footprint=6-0805_L
Change Component Footprint: Designator=R60 Old Footprint=AXIAL-0.3 New Footprint=6-0805_L
Change Component Footprint: Designator=R61 Old Footprint=AXIAL-0.3 New Footprint=6-0805_L
Change Component Footprint: Designator=R62 Old Footprint=AXIAL-0.3 New Footprint=6-0805_L
Change Component Footprint: Designator=R63 Old Footprint=AXIAL-0.3 New Footprint=6-0805_L
Change Component Footprint: Designator=R64 Old Footprint=AXIAL-0.3 New Footprint=6-0805_L
Added Component: Designator=U1(DIP20)
Added Component: Designator=U2(DIP20)
Added Component: Designator=U3(DIP20)
Added Component: Designator=U4(DIP20)
Added Component: Designator=U5(DIP20)
Added Component: Designator=U6(DIP20)
Added Component: Designator=U7(DIP20)
Added Component: Designator=U8(DIP20)
Added Pin To Net: NetName=GND Pin=U1-1
Added Pin To Net: NetName=COL1 Pin=U1-2
Added Pin To Net: NetName=COL2 Pin=U1-3
Added Pin To Net: NetName=COL3 Pin=U1-4
Added Pin To Net: NetName=COL4 Pin=U1-5
Added Pin To Net: NetName=COL5 Pin=U1-6
Added Pin To Net: NetName=COL6 Pin=U1-7
Added Pin To Net: NetName=COL7 Pin=U1-8
Added Pin To Net: NetName=COL8 Pin=U1-9
Added Pin To Net: NetName=GND Pin=U1-10
Added Pin To Net: NetName=CLK1 Pin=U1-11
Added Pin To Net: NetName=NetR29_1 Pin=U1-12
Added Pin To Net: NetName=NetR25_1 Pin=U1-13
Added Pin To Net: NetName=NetR21_1 Pin=U1-14
Added Pin To Net: NetName=NetR17_1 Pin=U1-15
Added Pin To Net: NetName=NetR13_1 Pin=U1-16
Added Pin To Net: NetName=NetR9_1 Pin=U1-17
Added Pin To Net: NetName=NetR5_1 Pin=U1-18
Added Pin To Net: NetName=NetR1_1 Pin=U1-19
Added Pin To Net: NetName=VCC Pin=U1-20
Added Pin To Net: NetName=GND Pin=U2-1
Added Pin To Net: NetName=COL1 Pin=U2-2
Added Pin To Net: NetName=COL2 Pin=U2-3
Added Pin To Net: NetName=COL3 Pin=U2-4
Added Pin To Net: NetName=COL4 Pin=U2-5
Added Pin To Net: NetName=COL5 Pin=U2-6
Added Pin To Net: NetName=COL6 Pin=U2-7
Added Pin To Net: NetName=COL7 Pin=U2-8
Added Pin To Net: NetName=COL8 Pin=U2-9
Added Pin To Net: NetName=GND Pin=U2-10
Added Pin To Net: NetName=CLK3 Pin=U2-11
Added Pin To Net: NetName=NetR30_1 Pin=U2-12
Added Pin To Net: NetName=NetR26_1 Pin=U2-13
Added Pin To Net: NetName=NetR22_1 Pin=U2-14
Added Pin To Net: NetName=NetR18_1 Pin=U2-15
Added Pin To Net: NetName=NetR14_1 Pin=U2-16
Added Pin To Net: NetName=NetR10_1 Pin=U2-17
Added Pin To Net: NetName=NetR6_1 Pin=U2-18
Added Pin To Net: NetName=NetR2_1 Pin=U2-19
Added Pin To Net: NetName=VCC Pin=U2-20
Added Pin To Net: NetName=GND Pin=U3-1
Added Pin To Net: NetName=COL1 Pin=U3-2
Added Pin To Net: NetName=COL2 Pin=U3-3
Added Pin To Net: NetName=COL3 Pin=U3-4
Added Pin To Net: NetName=COL4 Pin=U3-5
Added Pin To Net: NetName=COL5 Pin=U3-6
Added Pin To Net: NetName=COL6 Pin=U3-7
Added Pin To Net: NetName=COL7 Pin=U3-8
Added Pin To Net: NetName=COL8 Pin=U3-9
Added Pin To Net: NetName=GND Pin=U3-10
Added Pin To Net: NetName=CLK5 Pin=U3-11
Added Pin To Net: NetName=NetR31_1 Pin=U3-12
Added Pin To Net: NetName=NetR27_1 Pin=U3-13
Added Pin To Net: NetName=NetR23_1 Pin=U3-14
Added Pin To Net: NetName=NetR19_1 Pin=U3-15
Added Pin To Net: NetName=NetR15_1 Pin=U3-16
Added Pin To Net: NetName=NetR11_1 Pin=U3-17
Added Pin To Net: NetName=NetR7_1 Pin=U3-18
Added Pin To Net: NetName=NetR3_1 Pin=U3-19
Added Pin To Net: NetName=VCC Pin=U3-20
Added Pin To Net: NetName=GND Pin=U4-1
Added Pin To Net: NetName=COL1 Pin=U4-2
Added Pin To Net: NetName=COL2 Pin=U4-3
Added Pin To Net: NetName=COL3 Pin=U4-4
Added Pin To Net: NetName=COL4 Pin=U4-5
Added Pin To Net: NetName=COL5 Pin=U4-6
Added Pin To Net: NetName=COL6 Pin=U4-7
Added Pin To Net: NetName=COL7 Pin=U4-8
Added Pin To Net: NetName=COL8 Pin=U4-9
Added Pin To Net: NetName=GND Pin=U4-10
Added Pin To Net: NetName=CLK7 Pin=U4-11
Added Pin To Net: NetName=NetR32_1 Pin=U4-12
Added Pin To Net: NetName=NetR28_1 Pin=U4-13
Added Pin To Net: NetName=NetR24_1 Pin=U4-14
Added Pin To Net: NetName=NetR20_1 Pin=U4-15
Added Pin To Net: NetName=NetR16_1 Pin=U4-16
Added Pin To Net: NetName=NetR12_1 Pin=U4-17
Added Pin To Net: NetName=NetR8_1 Pin=U4-18
Added Pin To Net: NetName=NetR4_1 Pin=U4-19
Added Pin To Net: NetName=VCC Pin=U4-20
Added Pin To Net: NetName=GND Pin=U5-1
Added Pin To Net: NetName=COL1 Pin=U5-2
Added Pin To Net: NetName=COL2 Pin=U5-3
Added Pin To Net: NetName=COL3 Pin=U5-4
Added Pin To Net: NetName=COL4 Pin=U5-5
Added Pin To Net: NetName=COL5 Pin=U5-6
Added Pin To Net: NetName=COL6 Pin=U5-7
Added Pin To Net: NetName=COL7 Pin=U5-8
Added Pin To Net: NetName=COL8 Pin=U5-9
Added Pin To Net: NetName=GND Pin=U5-10
Added Pin To Net: NetName=CLK2 Pin=U5-11
Added Pin To Net: NetName=NetR61_1 Pin=U5-12
Added Pin To Net: NetName=NetR57_1 Pin=U5-13
Added Pin To Net: NetName=NetR53_1 Pin=U5-14
Added Pin To Net: NetName=NetR49_1 Pin=U5-15
Added Pin To Net: NetName=NetR45_1 Pin=U5-16
Added Pin To Net: NetName=NetR41_1 Pin=U5-17
Added Pin To Net: NetName=NetR37_1 Pin=U5-18
Added Pin To Net: NetName=NetR33_1 Pin=U5-19
Added Pin To Net: NetName=VCC Pin=U5-20
Added Pin To Net: NetName=GND Pin=U6-1
Added Pin To Net: NetName=COL1 Pin=U6-2
Added Pin To Net: NetName=COL2 Pin=U6-3
Added Pin To Net: NetName=COL3 Pin=U6-4
Added Pin To Net: NetName=COL4 Pin=U6-5
Added Pin To Net: NetName=COL5 Pin=U6-6
Added Pin To Net: NetName=COL6 Pin=U6-7
Added Pin To Net: NetName=COL7 Pin=U6-8
Added Pin To Net: NetName=COL8 Pin=U6-9
Added Pin To Net: NetName=GND Pin=U6-10
Added Pin To Net: NetName=CLK4 Pin=U6-11
Added Pin To Net: NetName=NetR62_1 Pin=U6-12
Added Pin To Net: NetName=NetR58_1 Pin=U6-13
Added Pin To Net: NetName=NetR54_1 Pin=U6-14
Added Pin To Net: NetName=NetR50_1 Pin=U6-15
Added Pin To Net: NetName=NetR46_1 Pin=U6-16
Added Pin To Net: NetName=NetR42_1 Pin=U6-17
Added Pin To Net: NetName=NetR38_1 Pin=U6-18
Added Pin To Net: NetName=NetR34_1 Pin=U6-19
Added Pin To Net: NetName=VCC Pin=U6-20
Added Pin To Net: NetName=GND Pin=U7-1
Added Pin To Net: NetName=COL1 Pin=U7-2
Added Pin To Net: NetName=COL2 Pin=U7-3
Added Pin To Net: NetName=COL3 Pin=U7-4
Added Pin To Net: NetName=COL4 Pin=U7-5
Added Pin To Net: NetName=COL5 Pin=U7-6
Added Pin To Net: NetName=COL6 Pin=U7-7
Added Pin To Net: NetName=COL7 Pin=U7-8
Added Pin To Net: NetName=COL8 Pin=U7-9
Added Pin To Net: NetName=GND Pin=U7-10
Added Pin To Net: NetName=CLK6 Pin=U7-11
Added Pin To Net: NetName=NetR63_1 Pin=U7-12
Added Pin To Net: NetName=NetR59_1 Pin=U7-13
Added Pin To Net: NetName=NetR55_1 Pin=U7-14
Added Pin To Net: NetName=NetR51_1 Pin=U7-15
Added Pin To Net: NetName=NetR47_1 Pin=U7-16
Added Pin To Net: NetName=NetR43_1 Pin=U7-17
Added Pin To Net: NetName=NetR39_1 Pin=U7-18
Added Pin To Net: NetName=NetR35_1 Pin=U7-19
Added Pin To Net: NetName=VCC Pin=U7-20
Added Pin To Net: NetName=GND Pin=U8-1
Added Pin To Net: NetName=COL1 Pin=U8-2
Added Pin To Net: NetName=COL2 Pin=U8-3
Added Pin To Net: NetName=COL3 Pin=U8-4
Added Pin To Net: NetName=COL4 Pin=U8-5
Added Pin To Net: NetName=COL5 Pin=U8-6
Added Pin To Net: NetName=COL6 Pin=U8-7
Added Pin To Net: NetName=COL7 Pin=U8-8
Added Pin To Net: NetName=COL8 Pin=U8-9
Added Pin To Net: NetName=GND Pin=U8-10
Added Pin To Net: NetName=CLK8 Pin=U8-11
Added Pin To Net: NetName=NetR64_1 Pin=U8-12
Added Pin To Net: NetName=NetR60_1 Pin=U8-13
Added Pin To Net: NetName=NetR56_1 Pin=U8-14
Added Pin To Net: NetName=NetR52_1 Pin=U8-15
Added Pin To Net: NetName=NetR48_1 Pin=U8-16
Added Pin To Net: NetName=NetR44_1 Pin=U8-17
Added Pin To Net: NetName=NetR40_1 Pin=U8-18
Added Pin To Net: NetName=NetR36_1 Pin=U8-19
Added Pin To Net: NetName=VCC Pin=U8-20
Added Member To Class: ClassName=LED Member=Component U1 74HCT574
Added Member To Class: ClassName=LED Member=Component U2 74HCT574
Added Member To Class: ClassName=LED Member=Component U3 74HCT574
Added Member To Class: ClassName=LED Member=Component U4 74HCT574
Added Member To Class: ClassName=LED Member=Component U5 74HCT574
Added Member To Class: ClassName=LED Member=Component U6 74HCT574
Added Member To Class: ClassName=LED Member=Component U7 74HCT574
Added Member To Class: ClassName=LED Member=Component U8 74HCT574
