CAMtasticDXP Drill Report
Serial Number:0000-00-00000
Drill File: C:\Users\Luka\Desktop\LP_LED_CUBE_8x8x8_PCB\ver_3.0.0\Gerbers\cam.drl
Format: 4.3
Units: Metric (mm.)
Step & Repeat Codes Used: NO


TOOL		SIZE		COUNT
====		======		=====

 1 		0.2540		59
 2 		0.3810		73
 3 		0.5080		14
 4 		0.7110		1
 5 		0.7620		21
 6 		0.8000		12
 7 		0.8890		10
 8 		0.9000		76
 9 		1.0160		6
 10 		1.0900		9
 11 		1.2700		3
 12 		1.5000		2
 13 		1.5750		2
 14 		2.2860		2
 15 		2.6000		4
 16 		2.6670		3
 17 		3.2600		2
 18 		3.3020		2
