Removed Pin From Net: NetName=CO3_1 Pin=R2-2
Removed Pin From Net: NetName=CO5_1 Pin=R3-2
Removed Pin From Net: NetName=CO1_2 Pin=R5-2
Removed Pin From Net: NetName=CO3_2 Pin=R6-2
Removed Pin From Net: NetName=CO5_2 Pin=R7-2
Removed Pin From Net: NetName=CO1_3 Pin=R9-2
Removed Pin From Net: NetName=CO3_3 Pin=R10-2
Removed Pin From Net: NetName=CO5_3 Pin=R11-2
Removed Pin From Net: NetName=CO1_4 Pin=R13-2
Removed Pin From Net: NetName=CO3_4 Pin=R14-2
Removed Pin From Net: NetName=CO5_4 Pin=R15-2
Removed Pin From Net: NetName=CO1_5 Pin=R17-2
Removed Pin From Net: NetName=CO3_5 Pin=R18-2
Removed Pin From Net: NetName=CO5_5 Pin=R19-2
Removed Pin From Net: NetName=CO1_6 Pin=R21-2
Removed Pin From Net: NetName=CO3_6 Pin=R22-2
Removed Pin From Net: NetName=CO1_7 Pin=R25-2
Removed Pin From Net: NetName=CO3_7 Pin=R26-2
Removed Pin From Net: NetName=CO5_7 Pin=R27-2
Removed Pin From Net: NetName=CO1_8 Pin=R29-2
Removed Pin From Net: NetName=CO3_8 Pin=R30-2
Removed Pin From Net: NetName=CO2_1 Pin=R33-2
Removed Pin From Net: NetName=CO4_1 Pin=R34-2
Removed Pin From Net: NetName=CO6_1 Pin=R35-2
Removed Pin From Net: NetName=CO2_2 Pin=R37-2
Removed Pin From Net: NetName=CO4_2 Pin=R38-2
Removed Pin From Net: NetName=CO2_3 Pin=R41-2
Removed Pin From Net: NetName=CO4_3 Pin=R42-2
Removed Pin From Net: NetName=CO6_3 Pin=R43-2
Removed Pin From Net: NetName=CO2_4 Pin=R45-2
Removed Pin From Net: NetName=CO4_4 Pin=R46-2
Removed Pin From Net: NetName=CO2_5 Pin=R49-2
Removed Pin From Net: NetName=CO4_5 Pin=R50-2
Removed Pin From Net: NetName=CO6_5 Pin=R51-2
Removed Pin From Net: NetName=CO2_6 Pin=R53-2
Removed Pin From Net: NetName=CO4_6 Pin=R54-2
Removed Pin From Net: NetName=CO2_7 Pin=R57-2
Removed Pin From Net: NetName=CO4_7 Pin=R58-2
Removed Pin From Net: NetName=CO6_7 Pin=R59-2
Removed Pin From Net: NetName=CO2_8 Pin=R61-2
Removed Pin From Net: NetName=CO4_8 Pin=R62-2
Change Component Footprint: Designator=R1 Old Footprint=AXIAL-0.5 New Footprint=AXIAL-0.4
Change Component Footprint: Designator=R2 Old Footprint=AXIAL-0.5 New Footprint=AXIAL-0.4
Change Component Footprint: Designator=R3 Old Footprint=AXIAL-0.5 New Footprint=AXIAL-0.4
Change Component Footprint: Designator=R4 Old Footprint=AXIAL-0.5 New Footprint=AXIAL-0.4
Change Component Footprint: Designator=R5 Old Footprint=AXIAL-0.5 New Footprint=AXIAL-0.4
Change Component Footprint: Designator=R6 Old Footprint=AXIAL-0.5 New Footprint=AXIAL-0.4
Change Component Footprint: Designator=R7 Old Footprint=AXIAL-0.5 New Footprint=AXIAL-0.4
Change Component Footprint: Designator=R8 Old Footprint=AXIAL-0.5 New Footprint=AXIAL-0.4
Change Component Designator: OldDesignator=R65 NewDesignator=R9
Change Component Designator: OldDesignator=R66 NewDesignator=R10
Change Component Designator: OldDesignator=R67 NewDesignator=R11
Change Component Designator: OldDesignator=R68 NewDesignator=R12
Change Component Designator: OldDesignator=R69 NewDesignator=R13
Change Component Designator: OldDesignator=R70 NewDesignator=R14
Change Component Designator: OldDesignator=R71 NewDesignator=R15
Change Component Designator: OldDesignator=R72 NewDesignator=R16
Change Component Designator: OldDesignator=R73 NewDesignator=R17
Change Component Designator: OldDesignator=R74 NewDesignator=R18
Change Component Designator: OldDesignator=R75 NewDesignator=R19
Change Component Designator: OldDesignator=R76 NewDesignator=R20
Change Component Designator: OldDesignator=R77 NewDesignator=R21
Change Component Designator: OldDesignator=R78 NewDesignator=R22
Change Component Designator: OldDesignator=R79 NewDesignator=R23
Change Component Designator: OldDesignator=R80 NewDesignator=R24
Change Component Designator: OldDesignator=R81 NewDesignator=R25
Change Component Designator: OldDesignator=R82 NewDesignator=R26
Change Component Designator: OldDesignator=R83 NewDesignator=R27
Change Component Designator: OldDesignator=R84 NewDesignator=R28
Change Component Designator: OldDesignator=R85 NewDesignator=R29
Change Component Designator: OldDesignator=R86 NewDesignator=R30
Change Component Designator: OldDesignator=R87 NewDesignator=R31
Change Component Designator: OldDesignator=R88 NewDesignator=R32
Change Component Designator: OldDesignator=R89 NewDesignator=R33
Change Component Designator: OldDesignator=R90 NewDesignator=R34
Change Component Designator: OldDesignator=R91 NewDesignator=R35
Change Component Designator: OldDesignator=R92 NewDesignator=R36
Change Component Designator: OldDesignator=R93 NewDesignator=R37
Change Component Designator: OldDesignator=R94 NewDesignator=R38
Added Pin To Net: NetName=CO1_2 Pin=R2-2
Added Pin To Net: NetName=CO1_3 Pin=R3-2
Added Pin To Net: NetName=CO1_4 Pin=R4-2
Added Pin To Net: NetName=CO1_5 Pin=R5-2
Added Pin To Net: NetName=CO1_6 Pin=R6-2
Added Pin To Net: NetName=CO1_7 Pin=R7-2
Added Pin To Net: NetName=CO1_8 Pin=R8-2
Change Net Name : Old Net Name=NetR67_1 New Net Name=NetR11_1
Change Net Name : Old Net Name=NetR68_1 New Net Name=NetR12_1
Change Net Name : Old Net Name=NetR73_1 New Net Name=NetR17_1
Change Net Name : Old Net Name=NetR74_1 New Net Name=NetR18_1
Change Net Name : Old Net Name=NetR79_1 New Net Name=NetR23_1
Change Net Name : Old Net Name=NetR80_1 New Net Name=NetR24_1
Change Net Name : Old Net Name=NetR85_1 New Net Name=NetR29_1
Change Net Name : Old Net Name=NetR86_1 New Net Name=NetR30_1
Change Net Name : Old Net Name=NetR89_1 New Net Name=NetR33_1
Change Net Name : Old Net Name=NetR90_1 New Net Name=NetR34_1
Change Net Name : Old Net Name=NetR91_1 New Net Name=NetR35_1
Change Net Name : Old Net Name=NetR93_1 New Net Name=NetR37_1
Added Class: Name=LED
